<?xml version="1.0" encoding="UTF-8"?>
<!-- Generated by org.testng.reporters.JUnitXMLReporter -->
<testsuite ignored="0" hostname="DESKTOP-MRL7PDR" failures="0" tests="4" name="Default test" time="13.443" errors="0" timestamp="2024-07-28T00:52:16 MDT">
  <testcase classname="com.qa.opencart.tests.LoginPageTest" name="loginPageTitleTest" time="0.051"/>
  <testcase classname="com.qa.opencart.tests.LoginPageTest" name="loginPageURLTest" time="0.036"/>
  <testcase classname="com.qa.opencart.tests.LoginPageTest" name="checkForgotpwdLinkexist" time="0.074"/>
  <testcase classname="com.qa.opencart.tests.LoginPageTest" name="loginTest" time="4.726"/>
</testsuite> <!-- Default test -->
